running develop
/usr/lib/python3/dist-packages/setuptools/command/easy_install.py:158: EasyInstallDeprecationWarning: easy_install command is deprecated. Use build and pip and other standards-based tools.
  warnings.warn(
Removing /home/rishith/MRT/MRT_ASSIGNMENT_6/install/four_wheel_robot/lib/python3.10/site-packages/four-wheel-robot.egg-link (link to .)
running egg_info
writing ../../build/four_wheel_robot/four_wheel_robot.egg-info/PKG-INFO
writing dependency_links to ../../build/four_wheel_robot/four_wheel_robot.egg-info/dependency_links.txt
writing entry points to ../../build/four_wheel_robot/four_wheel_robot.egg-info/entry_points.txt
writing requirements to ../../build/four_wheel_robot/four_wheel_robot.egg-info/requires.txt
writing top-level names to ../../build/four_wheel_robot/four_wheel_robot.egg-info/top_level.txt
reading manifest file '../../build/four_wheel_robot/four_wheel_robot.egg-info/SOURCES.txt'
writing manifest file '../../build/four_wheel_robot/four_wheel_robot.egg-info/SOURCES.txt'
running build
running build_py
running install
running install_lib
creating /home/rishith/MRT/MRT_ASSIGNMENT_6/install/four_wheel_robot/lib/python3.10/site-packages/four_wheel_robot
copying /home/rishith/MRT/MRT_ASSIGNMENT_6/build/four_wheel_robot/build/lib/four_wheel_robot/__init__.py -> /home/rishith/MRT/MRT_ASSIGNMENT_6/install/four_wheel_robot/lib/python3.10/site-packages/four_wheel_robot
byte-compiling /home/rishith/MRT/MRT_ASSIGNMENT_6/install/four_wheel_robot/lib/python3.10/site-packages/four_wheel_robot/__init__.py to __init__.cpython-310.pyc
running install_data
copying resource/four_wheel_robot -> /home/rishith/MRT/MRT_ASSIGNMENT_6/install/four_wheel_robot/share/ament_index/resource_index/packages
copying package.xml -> /home/rishith/MRT/MRT_ASSIGNMENT_6/install/four_wheel_robot/share/four_wheel_robot
copying models/robot_models.sdf -> /home/rishith/MRT/MRT_ASSIGNMENT_6/install/four_wheel_robot/share/four_wheel_robot/models
copying launch/gazebo.launch.py -> /home/rishith/MRT/MRT_ASSIGNMENT_6/install/four_wheel_robot/share/four_wheel_robot/launch
copying configs/robot_config.rviz -> /home/rishith/MRT/MRT_ASSIGNMENT_6/install/four_wheel_robot/share/four_wheel_robot/configs
copying urdf/robot.urdf.xacro -> /home/rishith/MRT/MRT_ASSIGNMENT_6/install/four_wheel_robot/share/four_wheel_robot/urdf
running install_egg_info
Copying ../../build/four_wheel_robot/four_wheel_robot.egg-info to /home/rishith/MRT/MRT_ASSIGNMENT_6/install/four_wheel_robot/lib/python3.10/site-packages/four_wheel_robot-0.0.0-py3.10.egg-info
running install_scripts
Installing move_circle script to /home/rishith/MRT/MRT_ASSIGNMENT_6/install/four_wheel_robot/lib/four_wheel_robot_description
writing list of installed files to '/home/rishith/MRT/MRT_ASSIGNMENT_6/build/four_wheel_robot/install.log'
