running develop
running egg_info
writing four_wheel_robot.egg-info/PKG-INFO
writing dependency_links to four_wheel_robot.egg-info/dependency_links.txt
writing entry points to four_wheel_robot.egg-info/entry_points.txt
writing requirements to four_wheel_robot.egg-info/requires.txt
writing top-level names to four_wheel_robot.egg-info/top_level.txt
reading manifest file 'four_wheel_robot.egg-info/SOURCES.txt'
writing manifest file 'four_wheel_robot.egg-info/SOURCES.txt'
running build_ext
Creating /home/rishith/MRT/MRT_ASSIGNMENT_6/install/four_wheel_robot/lib/python3.10/site-packages/four-wheel-robot.egg-link (link to .)
Installing move_circle script to /home/rishith/MRT/MRT_ASSIGNMENT_6/install/four_wheel_robot/lib/four_wheel_robot_description

Installed /home/rishith/MRT/MRT_ASSIGNMENT_6/build/four_wheel_robot
running symlink_data
symbolically linking /home/rishith/MRT/MRT_ASSIGNMENT_6/build/four_wheel_robot/resource/four_wheel_robot -> /home/rishith/MRT/MRT_ASSIGNMENT_6/install/four_wheel_robot/share/ament_index/resource_index/packages
symbolically linking /home/rishith/MRT/MRT_ASSIGNMENT_6/build/four_wheel_robot/package.xml -> /home/rishith/MRT/MRT_ASSIGNMENT_6/install/four_wheel_robot/share/four_wheel_robot
symbolically linking /home/rishith/MRT/MRT_ASSIGNMENT_6/build/four_wheel_robot/models/robot_models.sdf -> /home/rishith/MRT/MRT_ASSIGNMENT_6/install/four_wheel_robot/share/four_wheel_robot/models
symbolically linking /home/rishith/MRT/MRT_ASSIGNMENT_6/build/four_wheel_robot/launch/gazebo.launch.py -> /home/rishith/MRT/MRT_ASSIGNMENT_6/install/four_wheel_robot/share/four_wheel_robot/launch
symbolically linking /home/rishith/MRT/MRT_ASSIGNMENT_6/build/four_wheel_robot/configs/robot_config.rviz -> /home/rishith/MRT/MRT_ASSIGNMENT_6/install/four_wheel_robot/share/four_wheel_robot/configs
symbolically linking /home/rishith/MRT/MRT_ASSIGNMENT_6/build/four_wheel_robot/urdf/robot.urdf.xacro -> /home/rishith/MRT/MRT_ASSIGNMENT_6/install/four_wheel_robot/share/four_wheel_robot/urdf
