[0.399s] Invoking command in '/home/rishith/MRT/MRT_ASSIGNMENT_6/build/four_wheel_robot': PYTHONPATH=/home/rishith/MRT/MRT_ASSIGNMENT_6/build/four_wheel_robot/prefix_override:/home/rishith/MRT/MRT_ASSIGNMENT_6/install/four_wheel_robot/lib/python3.10/site-packages:${PYTHONPATH} /usr/bin/python3 -W ignore:setup.py install is deprecated setup.py develop --editable --build-directory /home/rishith/MRT/MRT_ASSIGNMENT_6/build/four_wheel_robot/build --no-deps symlink_data --force
[0.607s] running develop
[0.609s] /usr/lib/python3/dist-packages/setuptools/command/easy_install.py:158: EasyInstallDeprecationWarning: easy_install command is deprecated. Use build and pip and other standards-based tools.
[0.609s]   warnings.warn(
[0.690s] running egg_info
[0.690s] writing four_wheel_robot.egg-info/PKG-INFO
[0.690s] writing dependency_links to four_wheel_robot.egg-info/dependency_links.txt
[0.690s] writing entry points to four_wheel_robot.egg-info/entry_points.txt
[0.691s] writing requirements to four_wheel_robot.egg-info/requires.txt
[0.691s] writing top-level names to four_wheel_robot.egg-info/top_level.txt
[0.692s] reading manifest file 'four_wheel_robot.egg-info/SOURCES.txt'
[0.693s] writing manifest file 'four_wheel_robot.egg-info/SOURCES.txt'
[0.694s] running build_ext
[0.695s] Creating /home/rishith/MRT/MRT_ASSIGNMENT_6/install/four_wheel_robot/lib/python3.10/site-packages/four-wheel-robot.egg-link (link to .)
[0.695s] Installing move_circle script to /home/rishith/MRT/MRT_ASSIGNMENT_6/install/four_wheel_robot/lib/four_wheel_robot_description
[0.695s] 
[0.696s] Installed /home/rishith/MRT/MRT_ASSIGNMENT_6/build/four_wheel_robot
[0.696s] running symlink_data
[0.696s] symbolically linking /home/rishith/MRT/MRT_ASSIGNMENT_6/build/four_wheel_robot/resource/four_wheel_robot -> /home/rishith/MRT/MRT_ASSIGNMENT_6/install/four_wheel_robot/share/ament_index/resource_index/packages
[0.696s] symbolically linking /home/rishith/MRT/MRT_ASSIGNMENT_6/build/four_wheel_robot/package.xml -> /home/rishith/MRT/MRT_ASSIGNMENT_6/install/four_wheel_robot/share/four_wheel_robot
[0.696s] symbolically linking /home/rishith/MRT/MRT_ASSIGNMENT_6/build/four_wheel_robot/models/robot_models.sdf -> /home/rishith/MRT/MRT_ASSIGNMENT_6/install/four_wheel_robot/share/four_wheel_robot/models
[0.696s] symbolically linking /home/rishith/MRT/MRT_ASSIGNMENT_6/build/four_wheel_robot/launch/gazebo.launch.py -> /home/rishith/MRT/MRT_ASSIGNMENT_6/install/four_wheel_robot/share/four_wheel_robot/launch
[0.696s] symbolically linking /home/rishith/MRT/MRT_ASSIGNMENT_6/build/four_wheel_robot/configs/robot_config.rviz -> /home/rishith/MRT/MRT_ASSIGNMENT_6/install/four_wheel_robot/share/four_wheel_robot/configs
[0.696s] symbolically linking /home/rishith/MRT/MRT_ASSIGNMENT_6/build/four_wheel_robot/urdf/robot.urdf.xacro -> /home/rishith/MRT/MRT_ASSIGNMENT_6/install/four_wheel_robot/share/four_wheel_robot/urdf
[0.714s] Invoked command in '/home/rishith/MRT/MRT_ASSIGNMENT_6/build/four_wheel_robot' returned '0': PYTHONPATH=/home/rishith/MRT/MRT_ASSIGNMENT_6/build/four_wheel_robot/prefix_override:/home/rishith/MRT/MRT_ASSIGNMENT_6/install/four_wheel_robot/lib/python3.10/site-packages:${PYTHONPATH} /usr/bin/python3 -W ignore:setup.py install is deprecated setup.py develop --editable --build-directory /home/rishith/MRT/MRT_ASSIGNMENT_6/build/four_wheel_robot/build --no-deps symlink_data --force
